acquia/blt                                     9.2.0-alpha3            BLT
acquia/content-hub-php                         1.3.2
acquia/drupal-spec-tool                        2.0.0
acquia/http-hmac-php                           3.4.0
acquia/lightning                               3.2.2
asm89/stack-cors                               1.2.0
behat/behat                                    3.3.1
behat/gherkin                                  4.6.0
behat/mink                                     dev-master d5ee350      Browser controller/emulator abstraction for PHP
behat/mink-browserkit-driver                   1.3.3
behat/mink-extension                           2.3.1
behat/mink-goutte-driver                       1.2.1
behat/mink-selenium2-driver                    dev-master 8684ee4      Selenium2 (WebDriver) driver for Mink framework
behat/transliterator                           1.2.0
bex/behat-extension-driver-locator             1.0.2
bex/behat-screenshot                           1.2.8
bower-asset/cropper                            2.3.4
bower-asset/dropzone                           5.5.0
bower-asset/jquery                             3.3.1
bower-asset/slick-carousel                     1.8.1
caxy/php-htmldiff                              0.1.8
chi-teck/drupal-code-generator                 1.27.0
ckeditor/templates                             4.10.1
clue/graph                                     0.9.0
commerceguys/addressing                        1.0.2
composer/installers                            1.6.0
composer/semver                                1.4.2
consolidation/annotated-command                2.11.0
consolidation/config                           1.1.1
consolidation/log                              1.1.1
consolidation/output-formatters                3.4.0
consolidation/robo                             1.2.4
consolidation/site-alias                       1.1.11
container-interop/container-interop            1.2.0
cweagans/composer-patches                      1.6.5
cweagans/php-webdam-client                     dev-master 8cca72b      Integrates with the Webdam.com API.
dealerdirect/phpcodesniffer-composer-installer 0.4.4
defuse/php-encryption                          2.2.1
dflydev/dot-access-data                        1.1.0
disqus/disqus-php                              1.0.2
dmore/behat-chrome-extension                   1.2.0
dmore/chrome-mink-driver                       2.6.4
dnoegel/php-xdg-base-dir                       0.1
doctrine/annotations                           1.6.0
doctrine/cache                                 1.8.0
doctrine/collections                           1.5.0
doctrine/common                                2.10.0
doctrine/event-manager                         1.0.0
doctrine/inflector                             1.1.0
doctrine/instantiator                          1.1.0
doctrine/lexer                                 1.0.1
doctrine/persistence                           1.1.0
doctrine/reflection                            1.0.0
drupal-composer/drupal-scaffold                2.5.4
drupal/access_unpublished                      1.0.0-alpha7
drupal/acquia_connector                        1.16.0
drupal/acquia_contenthub                       1.36.0
drupal/acquia_lift                             3.10.0
drupal/acquia_purge                            1.0.0-beta3
drupal/acquia_search                           1.16.0
drupal/address                                 1.4.0
drupal/admin_toolbar                           1.26.0
drupal/adminimal_admin_toolbar                 1.8.0
drupal/adminimal_theme                         1.3.0
drupal/allowed_formats                         1.1.0
drupal/amp                                     1.2.0
drupal/ape                                     1.4.0
drupal/auto_entitylabel                        2.1.0-beta1
drupal/better_exposed_filters                  3.0.0-alpha5
drupal/blazy                                   1.0.0-rc4
drupal/bootstrap                               3.16.0
drupal/breakpoints                             1.1.0
drupal/bulk_edit_terms                         1.1.0
drupal/calendar                                1.x-dev
drupal/calendar_datetime                       1.x-dev
drupal/captcha                                 1.0.0-beta1
drupal/ckeditor_liststyle                      1.3.0
drupal/ckeditor_templates                      1.0.0
drupal/ckeditor_templates_ui                   1.0.0
drupal/coder                                   8.2.12
drupal/cog                                     1.13.0
drupal/components                              1.0.0
drupal/conditional_fields                      1.0.0-alpha4
drupal/config_filter                           1.4.0
drupal/config_ignore                           2.1.0
drupal/config_installer                        1.8.0
drupal/config_split                            1.4.0
drupal/config_update                           1.6.0
drupal/conflict                                1.0.0
drupal/consumers                               1.4.0
drupal/contact_storage                         1.0.0-beta9
drupal/contribute                              5.0.0-beta3
drupal/core                                    8.6.10
drupal/crop                                    2.0.0-rc1
drupal/ctools                                  3.0.0
drupal/ctools_block                            3.0.0
drupal/current_page_crumb                      1.2.0
drupal/d8_google_optimize_hide_page            1.2.0
drupal/date                                    1.x-dev
drupal/deploy                                  1.0.0-beta14
drupal/devel                                   2.0.0
drupal/diff                                    1.0.0-rc2
drupal/disqus                                  1.0.0-rc3
drupal/draggableviews                          1.2.0
drupal/dropzonejs                              2.0.0-alpha3
drupal/drupal-driver                           1.4.0
drupal/drupal-extension                        3.4.1
drupal/duration_field                          1.6.0
drupal/editor_advanced_link                    1.4.0
drupal/embed                                   1.0.0
drupal/entity                                  1.0.0-rc3
drupal/entity_block                            1.0.0-beta1
drupal/entity_browser                          2.0.0
drupal/entity_embed                            1.0.0-beta2
drupal/entity_reference_revisions              1.6.0
drupal/entityqueue                             1.0.0-alpha8
drupal/eu_cookie_compliance                    1.8.0
drupal/externalauth                            1.1.0
drupal/facets                                  1.2.0
drupal/facets_pretty_paths                     1.0.0-beta2
drupal/fallback_formatter                      1.0.0
drupal/fb_instant_articles                     2.x-dev
drupal/features                                3.8.0
drupal/field_formatter_range                   1.0.0
drupal/field_group                             1.0.0
drupal/focal_point                             1.2.0
drupal/geocoder                                2.0.0-beta10
drupal/geofield                                1.0.0-beta6
drupal/geolocation                             1.11.0
drupal/google_tag                              1.x-dev
drupal/hierarchical_term_formatter             1.0.0-beta1
drupal/honeypot                                1.29.0
drupal/image_style_quality                     1.3.0
drupal/image_widget_crop                       2.2.0
drupal/inline_entity_form                      1.0.0-rc1
drupal/jsonapi                                 1.25.0
drupal/key_value                               1.1.0
drupal/libraries                               3.0.0-alpha1
drupal/lightning_api                           2.8.0
drupal/lightning_core                          3.4.0
drupal/lightning_layout                        1.5.0
drupal/lightning_media                         3.4.0
drupal/lightning_workflow                      3.2.0
drupal/link_attributes                         1.5.0
drupal/linkit                                  4.3.0
drupal/mailsystem                              4.1.0
drupal/media_acquiadam                         1.32.0
drupal/media_entity                            2.0.0-beta3
drupal/media_entity_actions                    1.0.0-alpha2
drupal/media_entity_image                      1.3.0
drupal/media_entity_instagram                  2.0.0-alpha2
drupal/media_entity_soundcloud                 2.x-dev
drupal/media_entity_twitter                    2.0.0-alpha2
drupal/memcache                                2.0.0-alpha7
drupal/menu_block                              1.5.0
drupal/menu_export                             1.2.0
drupal/metatag                                 1.7.0
drupal/migrate_plus                            4.1.0
drupal/migrate_tools                           4.1.0
drupal/minifyhtml                              1.6.0
drupal/moderation_dashboard                    1.0.0-alpha1
drupal/moderation_sidebar                      1.1.0
drupal/multiversion                            1.x-dev
drupal/name                                    1.0.0-rc1
drupal/node_revision_delete                    1.0.0-beta3
drupal/openapi                                 1.0.0-beta2
drupal/openapi_ui                              1.0.0-rc1
drupal/openapi_ui_redoc                        1.0.0-rc2
drupal/openapi_ui_swagger                      1.0.0-rc3
drupal/page_manager                            4.0.0-beta3
drupal/panelizer                               4.1.0
drupal/panelizer_quickedit                     4.1.0
drupal/panels                                  4.3.0
drupal/panels_ipe                              4.3.0
drupal/paragraphs                              1.6.0
drupal/paragraphs_admin                        1.0.0
drupal/path_redirect_import                    1.0.0-beta1
drupal/pathauto                                1.3.0
drupal/permissions_by_term                     1.61.0
drupal/poll                                    1.2.0
drupal/purge                                   3.0.0-beta8
drupal/purge_drush                             3.0.0-beta8
drupal/purge_processor_cron                    3.0.0-beta8
drupal/purge_processor_lateruntime             3.0.0-beta8
drupal/purge_queuer_coretags                   3.0.0-beta8
drupal/qa_accounts                             1.0.0-alpha1
drupal/rabbit_hole                             1.x-dev
drupal/recaptcha                               2.3.0
drupal/redirect                                1.3.0
drupal/relaxed                                 1.0.0-beta16
drupal/replication                             1.0.0-beta18
drupal/responsive_favicons                     1.4.0
drupal/restui                                  1.16.0
drupal/robotstxt                               1.2.0
drupal/schema_metatag                          1.3.0
drupal/schemata                                1.0.0-alpha5
drupal/schemata_json_schema                    1.0.0-alpha5
drupal/search_api                              1.14.0
drupal/search_api_autocomplete                 1.2.0
drupal/search_api_location                     1.0.0-alpha1
drupal/search_api_solr                         1.2.0
drupal/search_api_sorts                        1.0.0-beta1
drupal/search_api_synonym                      1.2.0
drupal/seckit                                  1.1.0
drupal/security_review                         1.x-dev
drupal/sharethis                               2.x-dev
drupal/shield                                  1.2.0
drupal/simple_oauth                            3.13.0
drupal/simple_oauth_extras                     3.13.0
drupal/simple_sitemap                          2.12.0
drupal/simplesamlphp_auth                      3.0.0
drupal/simplify                                1.0.0
drupal/siteimprove                             1.0.0
drupal/slick                                   1.1.0
drupal/slick_entityreference                   1.1.0
drupal/smtp                                    1.0.0-beta4
drupal/taxonomy_menu                           3.4.0
drupal/term_csv_export_import                  2.0.0-alpha1
drupal/token                                   1.5.0
drupal/trash                                   1.0.0-alpha1
drupal/twig_tweak                              1.9.0
drupal/vbo_export                              2.1.0
drupal/video_embed_field                       2.0.0
drupal/views_bulk_edit                         2.2.0
drupal/views_bulk_operations                   2.4.0
drupal/views_infinite_scroll                   1.5.0
drupal/views_taxonomy_term_name_depth          1.2.0
drupal/views_templates                         1.0.0-alpha1
drupal/views_url_alias                         1.0.0
drupal/viewsreference                          1.4.0
drupal/webform                                 5.1.0
drupal/webform_rest                            2.0.0-beta2
drupal/workspace                               1.0.0-beta18
drupal/xmlsitemap                              1.0.0-alpha3
drupal/zen                                     7.0.0-alpha14
drush/drush                                    9.5.2
easyrdf/easyrdf                                0.9.1
egeloen/http-adapter                           0.8.0
egulias/email-validator                        1.2.15
ezyang/htmlpurifier                            4.10.0
fabpot/goutte                                  3.2.3
facebook/facebook-instant-articles-sdk-php     1.10.0
facebook/graph-sdk                             5.7.0
geerlingguy/drupal-vm                          4.9.2
gettext/gettext                                3.6.1
gettext/languages                              2.5.0
graphp/algorithms                              0.8.1
grasmash/drupal-security-warning               1.1.1
grasmash/expander                              1.0.0
grasmash/yaml-cli                              1.0.3
grasmash/yaml-expander                         1.4.0
guzzlehttp/guzzle                              6.3.3
guzzlehttp/promises                            1.3.1
guzzlehttp/psr7                                1.5.2
igorw/get-in                                   1.0.3
instaclick/php-webdriver                       1.4.5
j7mbo/twitter-api-php                          1.0.6
jaimeperez/twig-configurable-i18n              1.2
jakoch/phantomjs-installer                     2.1.1-p07
jakub-onderka/php-console-color                0.2
jakub-onderka/php-console-highlighter          0.4
jarnaiz/behat-junit-formatter                  1.3.2
jcalderonzumba/gastonjs                        1.2.0
jcalderonzumba/mink-phantomjs-driver           0.3.3
kub-at/php-simple-html-dom-parser              1.7.1
lcobucci/jwt                                   3.2.5
league/container                               2.4.1
league/event                                   2.2.0
league/oauth2-server                           6.1.1
lullabot/amp                                   1.1.3
marc1706/fast-image-size                       1.1.4
masterminds/html5                              2.5.0
mikey179/vfsStream                             1.6.5
mkalkbrenner/php-htmldiff-advanced             0.0.8
myclabs/deep-copy                              1.8.1
nategood/httpful                               0.2.20
nikic/php-parser                               3.1.5
oomphinc/composer-installers-extender          1.1.2
paragonie/random_compat                        2.0.18
phar-io/manifest                               1.0.1
phar-io/version                                1.0.1
phayes/geophp                                  1.2
phpdocumentor/reflection-common                1.0.1
phpdocumentor/reflection-docblock              4.3.0
phpdocumentor/type-resolver                    0.4.0
phpoffice/phpexcel                             1.8.0
phpspec/prophecy                               1.8.0
phpunit/php-code-coverage                      5.3.2
phpunit/php-file-iterator                      1.4.5
phpunit/php-text-template                      1.2.1
phpunit/php-timer                              1.0.9
phpunit/php-token-stream                       2.0.2
phpunit/phpunit                                6.5.13
phpunit/phpunit-mock-objects                   5.0.10
psr/cache                                      1.0.1
psr/container                                  1.0.0
psr/http-message                               1.0.1
psr/log                                        1.1.0
psr/simple-cache                               1.0.1
psy/psysh                                      0.9.9
querypath/querypath                            3.0.5
ralouphie/getallheaders                        2.0.5
relaxedws/couchdb                              2.0.1
relaxedws/lca                                  dev-master c192d3f      Library used to find lowest common ancestor in gra...
relaxedws/replicator                           1.1.0
robrichards/xmlseclibs                         3.0.3
sabberworm/php-css-parser                      8.2.0
sarciszewski/php-future                        0.4.2
se/selenium-server-standalone                  2.53.1
sebastian/code-unit-reverse-lookup             1.0.1
sebastian/comparator                           2.1.3
sebastian/diff                                 2.0.1
sebastian/environment                          3.1.0
sebastian/exporter                             3.1.0
sebastian/global-state                         2.0.0
sebastian/object-enumerator                    3.0.3
sebastian/object-reflector                     1.1.1
sebastian/recursion-context                    3.0.0
sebastian/resource-operations                  1.0.0
sebastian/version                              2.0.1
sensiolabs-de/deprecation-detector             dev-master d5582d1      Command line tool to detect usage of deprecated code
simplesamlphp/saml2                            3.2.6
simplesamlphp/simplesamlphp                    1.16.3
solarium/solarium                              3.8.1
squizlabs/php_codesniffer                      2.9.2
stack/builder                                  1.0.5
swagger-api/swagger-ui                         3.20.4
symfony-cmf/routing                            1.4.1
symfony/browser-kit                            4.2.2
symfony/cache                                  4.2.2
symfony/class-loader                           3.4.21
symfony/config                                 3.4.21
symfony/console                                3.4.21
symfony/contracts                              1.0.2
symfony/css-selector                           3.4.21
symfony/debug                                  3.4.21
symfony/dependency-injection                   3.4.21
symfony/dom-crawler                            4.2.2
symfony/event-dispatcher                       3.4.21
symfony/expression-language                    3.4.21
symfony/filesystem                             3.4.21
symfony/finder                                 3.4.21
symfony/http-foundation                        3.4.21
symfony/http-kernel                            3.4.21
symfony/phpunit-bridge                         3.4.21
symfony/polyfill-ctype                         1.10.0
symfony/polyfill-iconv                         1.10.0
symfony/polyfill-mbstring                      1.10.0
symfony/polyfill-php70                         1.10.0
symfony/process                                3.4.21
symfony/psr-http-message-bridge                1.1.0
symfony/routing                                3.4.21
symfony/serializer                             3.4.21
symfony/stopwatch                              3.4.21
symfony/translation                            3.4.21
symfony/twig-bridge                            3.4.21
symfony/validator                              3.4.21
symfony/var-dumper                             3.4.21
symfony/var-exporter                           4.2.2
symfony/yaml                                   3.4.21
textalk/websocket                              1.2.0
theseer/tokenizer                              1.1.0
tivie/php-os-detector                          1.1.0
traviscarden/behat-table-comparison            0.2.2
twig/extensions                                1.5.4
twig/twig                                      1.37.1
typhonius/acquia-php-sdk-v2                    1.0.3
typo3/phar-stream-wrapper                      2.0.1
uwmweb/ckeditor_bs_grid                        dev-uwm-develop e2bd7a0 Allows creating rows and columns within CKEditor u...
uwmweb/uwmedicineorg_theme                     dev-master 7073e3e      Theme for uwmedicine.org, which is a sub-theme of ...
vardot/blazy                                   1.8.2.1
webflo/drupal-core-require-dev                 8.6.10
webflo/drupal-finder                           1.1.0
webmozart/assert                               1.4.0
webmozart/path-util                            2.3.0
whitehat101/apr1-md5                           1.0.0
wikimedia/composer-merge-plugin                1.4.1
willdurand/geocoder                            3.3.2
zendframework/zend-diactoros                   1.8.6
zendframework/zend-escaper                     2.6.0
zendframework/zend-feed                        2.10.3
zendframework/zend-stdlib                      3.2.1
